2023-09-07 16:23:19,252 INFO o.s.b.StartupInfoLogger. [restartedMain] Starting TellerAccountOpeningApplication using Java 17.0.7 with PID 30572 (C:\Users\Steven.Nyaga\OneDrive - NCBA Group PLC\Desktop\Extras\A Dev\Spring\teller-account-opening\target\classes started by Steven.Nyaga in C:\Users\Steven.Nyaga\OneDrive - NCBA Group PLC\Desktop\Extras\A Dev\Spring\teller-account-opening)
2023-09-07 16:23:19,258 INFO o.s.b.SpringApplication. [restartedMain] No active profile set, falling back to 1 default profile: "default"
2023-09-07 16:23:19,741 INFO o.s.d.r.c.RepositoryConfigurationDelegate. [restartedMain] Bootstrapping Spring Data JPA repositories in DEFAULT mode.
2023-09-07 16:23:19,805 INFO o.s.d.r.c.RepositoryConfigurationDelegate. [restartedMain] Finished Spring Data repository scanning in 58 ms. Found 1 JPA repository interfaces.
2023-09-07 16:23:20,020 INFO o.s.b.w.e.t.TomcatWebServer. [restartedMain] Tomcat initialized with port(s): 8080 (http)
2023-09-07 16:23:20,025 INFO o.a.j.l.DirectJDKLog. [restartedMain] Initializing ProtocolHandler ["http-nio-8080"]
2023-09-07 16:23:20,027 INFO o.a.j.l.DirectJDKLog. [restartedMain] Starting service [Tomcat]
2023-09-07 16:23:20,028 INFO o.a.j.l.DirectJDKLog. [restartedMain] Starting Servlet engine: [Apache Tomcat/10.1.12]
2023-09-07 16:23:20,204 INFO o.a.j.l.DirectJDKLog. [restartedMain] Initializing Spring embedded WebApplicationContext
2023-09-07 16:23:20,204 INFO o.s.b.w.s.c.ServletWebServerApplicationContext. [restartedMain] Root WebApplicationContext: initialization completed in 942 ms
2023-09-07 16:23:20,221 INFO c.z.h.HikariDataSource. [restartedMain] HikariPool-2 - Starting...
2023-09-07 16:23:20,255 INFO c.z.h.p.HikariPool. [restartedMain] HikariPool-2 - Added connection conn10: url=jdbc:h2:file:C:/h2db/customer user=SA
2023-09-07 16:23:20,257 INFO c.z.h.HikariDataSource. [restartedMain] HikariPool-2 - Start completed.
2023-09-07 16:23:20,258 INFO o.s.b.a.h.H2ConsoleAutoConfiguration. [restartedMain] H2 console available at '/h2-console'. Database available at 'jdbc:h2:file:C:/h2db/customer'
2023-09-07 16:23:20,293 INFO o.h.j.i.u.LogHelper. [restartedMain] HHH000204: Processing PersistenceUnitInfo [name: default]
2023-09-07 16:23:20,311 INFO o.h.b.i.BytecodeProviderInitiator. [restartedMain] HHH000021: Bytecode provider name : bytebuddy
2023-09-07 16:23:20,311 INFO o.s.o.j.p.SpringPersistenceUnitInfo. [restartedMain] No LoadTimeWeaver setup: ignoring JPA class transformer
2023-09-07 16:23:20,324 INFO o.h.b.i.BytecodeProviderInitiator. [restartedMain] HHH000021: Bytecode provider name : bytebuddy
2023-09-07 16:23:20,358 INFO o.h.e.t.j.p.i.JtaPlatformInitiator. [restartedMain] HHH000490: Using JtaPlatform implementation: [org.hibernate.engine.transaction.jta.platform.internal.NoJtaPlatform]
2023-09-07 16:23:20,361 INFO o.s.o.j.AbstractEntityManagerFactoryBean. [restartedMain] Initialized JPA EntityManagerFactory for persistence unit 'default'
2023-09-07 16:23:20,481 WARN o.s.b.a.o.j.JpaBaseConfiguration$JpaWebConfiguration. [restartedMain] spring.jpa.open-in-view is enabled by default. Therefore, database queries may be performed during view rendering. Explicitly configure spring.jpa.open-in-view to disable this warning
2023-09-07 16:23:20,657 INFO o.s.b.d.a.OptionalLiveReloadServer. [restartedMain] LiveReload server is running on port 35729
2023-09-07 16:23:20,664 INFO o.a.j.l.DirectJDKLog. [restartedMain] Starting ProtocolHandler ["http-nio-8080"]
2023-09-07 16:23:20,697 INFO o.s.b.w.e.t.TomcatWebServer. [restartedMain] Tomcat started on port(s): 8080 (http) with context path ''
2023-09-07 16:23:20,700 INFO o.s.b.StartupInfoLogger. [restartedMain] Started TellerAccountOpeningApplication in 1.498 seconds (process running for 105.422)
2023-09-07 16:23:20,704 INFO o.s.b.d.a.ConditionEvaluationDeltaLoggingListener. [restartedMain] Condition evaluation unchanged
2023-09-07 16:23:34,740 INFO o.a.j.l.DirectJDKLog. [http-nio-8080-exec-3] Initializing Spring DispatcherServlet 'dispatcherServlet'
2023-09-07 16:23:34,741 INFO o.s.w.s.FrameworkServlet. [http-nio-8080-exec-3] Initializing Servlet 'dispatcherServlet'
2023-09-07 16:23:34,742 INFO o.s.w.s.FrameworkServlet. [http-nio-8080-exec-3] Completed initialization in 1 ms
2023-09-07 16:23:34,777 INFO c.s.t.c.CustomerResource. [http-nio-8080-exec-3] Retrieved all Customers
2023-09-07 16:25:59,246 INFO o.s.b.d.a.LocalDevToolsAutoConfiguration$RestartingClassPathChangeChangedEventListener. [File Watcher] Restarting due to 1 class path change (0 additions, 0 deletions, 1 modification)
2023-09-07 16:25:59,305 INFO o.a.j.l.DirectJDKLog. [Thread-8] Pausing ProtocolHandler ["http-nio-8080"]
2023-09-07 16:25:59,305 INFO o.a.j.l.DirectJDKLog. [Thread-8] Stopping service [Tomcat]
2023-09-07 16:25:59,305 INFO o.a.j.l.DirectJDKLog. [Thread-8] Destroying Spring FrameworkServlet 'dispatcherServlet'
2023-09-07 16:25:59,308 INFO o.a.j.l.DirectJDKLog. [Thread-8] Stopping ProtocolHandler ["http-nio-8080"]
2023-09-07 16:25:59,311 INFO o.a.j.l.DirectJDKLog. [Thread-8] Destroying ProtocolHandler ["http-nio-8080"]
2023-09-07 16:25:59,312 INFO o.s.o.j.AbstractEntityManagerFactoryBean. [Thread-8] Closing JPA EntityManagerFactory for persistence unit 'default'
2023-09-07 16:25:59,313 INFO c.z.h.HikariDataSource. [Thread-8] HikariPool-2 - Shutdown initiated...
2023-09-07 16:25:59,333 INFO c.z.h.HikariDataSource. [Thread-8] HikariPool-2 - Shutdown completed.
2023-09-07 16:25:59,444 INFO o.s.b.StartupInfoLogger. [restartedMain] Starting TellerAccountOpeningApplication using Java 17.0.7 with PID 30572 (C:\Users\Steven.Nyaga\OneDrive - NCBA Group PLC\Desktop\Extras\A Dev\Spring\teller-account-opening\target\classes started by Steven.Nyaga in C:\Users\Steven.Nyaga\OneDrive - NCBA Group PLC\Desktop\Extras\A Dev\Spring\teller-account-opening)
2023-09-07 16:25:59,449 INFO o.s.b.SpringApplication. [restartedMain] No active profile set, falling back to 1 default profile: "default"
2023-09-07 16:25:59,965 INFO o.s.d.r.c.RepositoryConfigurationDelegate. [restartedMain] Bootstrapping Spring Data JPA repositories in DEFAULT mode.
2023-09-07 16:26:00,030 INFO o.s.d.r.c.RepositoryConfigurationDelegate. [restartedMain] Finished Spring Data repository scanning in 64 ms. Found 1 JPA repository interfaces.
2023-09-07 16:26:00,305 INFO o.s.b.w.e.t.TomcatWebServer. [restartedMain] Tomcat initialized with port(s): 8080 (http)
2023-09-07 16:26:00,306 INFO o.a.j.l.DirectJDKLog. [restartedMain] Initializing ProtocolHandler ["http-nio-8080"]
2023-09-07 16:26:00,306 INFO o.a.j.l.DirectJDKLog. [restartedMain] Starting service [Tomcat]
2023-09-07 16:26:00,312 INFO o.a.j.l.DirectJDKLog. [restartedMain] Starting Servlet engine: [Apache Tomcat/10.1.12]
2023-09-07 16:26:00,534 INFO o.a.j.l.DirectJDKLog. [restartedMain] Initializing Spring embedded WebApplicationContext
2023-09-07 16:26:00,534 INFO o.s.b.w.s.c.ServletWebServerApplicationContext. [restartedMain] Root WebApplicationContext: initialization completed in 1083 ms
2023-09-07 16:26:00,592 INFO c.z.h.HikariDataSource. [restartedMain] HikariPool-3 - Starting...
2023-09-07 16:26:00,802 INFO c.z.h.p.HikariPool. [restartedMain] HikariPool-3 - Added connection conn20: url=jdbc:h2:file:C:/h2db/customer user=SA
2023-09-07 16:26:00,806 INFO c.z.h.HikariDataSource. [restartedMain] HikariPool-3 - Start completed.
2023-09-07 16:26:00,808 INFO o.s.b.a.h.H2ConsoleAutoConfiguration. [restartedMain] H2 console available at '/h2-console'. Database available at 'jdbc:h2:file:C:/h2db/customer'
2023-09-07 16:26:00,873 INFO o.h.j.i.u.LogHelper. [restartedMain] HHH000204: Processing PersistenceUnitInfo [name: default]
2023-09-07 16:26:00,883 INFO o.h.b.i.BytecodeProviderInitiator. [restartedMain] HHH000021: Bytecode provider name : bytebuddy
2023-09-07 16:26:00,883 INFO o.s.o.j.p.SpringPersistenceUnitInfo. [restartedMain] No LoadTimeWeaver setup: ignoring JPA class transformer
2023-09-07 16:26:00,894 INFO o.h.b.i.BytecodeProviderInitiator. [restartedMain] HHH000021: Bytecode provider name : bytebuddy
2023-09-07 16:26:00,922 INFO o.h.e.t.j.p.i.JtaPlatformInitiator. [restartedMain] HHH000490: Using JtaPlatform implementation: [org.hibernate.engine.transaction.jta.platform.internal.NoJtaPlatform]
2023-09-07 16:26:00,928 INFO o.s.o.j.AbstractEntityManagerFactoryBean. [restartedMain] Initialized JPA EntityManagerFactory for persistence unit 'default'
2023-09-07 16:26:01,038 WARN o.s.b.a.o.j.JpaBaseConfiguration$JpaWebConfiguration. [restartedMain] spring.jpa.open-in-view is enabled by default. Therefore, database queries may be performed during view rendering. Explicitly configure spring.jpa.open-in-view to disable this warning
2023-09-07 16:26:01,257 INFO o.s.b.d.a.OptionalLiveReloadServer. [restartedMain] LiveReload server is running on port 35729
2023-09-07 16:26:01,264 INFO o.a.j.l.DirectJDKLog. [restartedMain] Starting ProtocolHandler ["http-nio-8080"]
2023-09-07 16:26:01,303 INFO o.s.b.w.e.t.TomcatWebServer. [restartedMain] Tomcat started on port(s): 8080 (http) with context path ''
2023-09-07 16:26:01,308 INFO o.s.b.StartupInfoLogger. [restartedMain] Started TellerAccountOpeningApplication in 1.923 seconds (process running for 266.036)
2023-09-07 16:26:01,313 INFO o.s.b.d.a.ConditionEvaluationDeltaLoggingListener. [restartedMain] Condition evaluation unchanged
2023-09-07 16:26:22,323 INFO o.s.b.d.a.LocalDevToolsAutoConfiguration$RestartingClassPathChangeChangedEventListener. [File Watcher] Restarting due to 1 class path change (0 additions, 0 deletions, 1 modification)
2023-09-07 16:26:22,384 INFO o.a.j.l.DirectJDKLog. [Thread-12] Pausing ProtocolHandler ["http-nio-8080"]
2023-09-07 16:26:22,384 INFO o.a.j.l.DirectJDKLog. [Thread-12] Stopping service [Tomcat]
2023-09-07 16:26:22,385 INFO o.a.j.l.DirectJDKLog. [Thread-12] Stopping ProtocolHandler ["http-nio-8080"]
2023-09-07 16:26:22,387 INFO o.a.j.l.DirectJDKLog. [Thread-12] Destroying ProtocolHandler ["http-nio-8080"]
2023-09-07 16:26:22,388 INFO o.s.o.j.AbstractEntityManagerFactoryBean. [Thread-12] Closing JPA EntityManagerFactory for persistence unit 'default'
2023-09-07 16:26:22,389 INFO c.z.h.HikariDataSource. [Thread-12] HikariPool-3 - Shutdown initiated...
2023-09-07 16:26:22,405 INFO c.z.h.HikariDataSource. [Thread-12] HikariPool-3 - Shutdown completed.
2023-09-07 16:26:22,500 INFO o.s.b.StartupInfoLogger. [restartedMain] Starting TellerAccountOpeningApplication using Java 17.0.7 with PID 30572 (C:\Users\Steven.Nyaga\OneDrive - NCBA Group PLC\Desktop\Extras\A Dev\Spring\teller-account-opening\target\classes started by Steven.Nyaga in C:\Users\Steven.Nyaga\OneDrive - NCBA Group PLC\Desktop\Extras\A Dev\Spring\teller-account-opening)
2023-09-07 16:26:22,503 INFO o.s.b.SpringApplication. [restartedMain] No active profile set, falling back to 1 default profile: "default"
2023-09-07 16:26:22,790 INFO o.s.d.r.c.RepositoryConfigurationDelegate. [restartedMain] Bootstrapping Spring Data JPA repositories in DEFAULT mode.
2023-09-07 16:26:22,811 INFO o.s.d.r.c.RepositoryConfigurationDelegate. [restartedMain] Finished Spring Data repository scanning in 21 ms. Found 1 JPA repository interfaces.
2023-09-07 16:26:22,948 INFO o.s.b.w.e.t.TomcatWebServer. [restartedMain] Tomcat initialized with port(s): 8080 (http)
2023-09-07 16:26:22,950 INFO o.a.j.l.DirectJDKLog. [restartedMain] Initializing ProtocolHandler ["http-nio-8080"]
2023-09-07 16:26:22,951 INFO o.a.j.l.DirectJDKLog. [restartedMain] Starting service [Tomcat]
2023-09-07 16:26:22,951 INFO o.a.j.l.DirectJDKLog. [restartedMain] Starting Servlet engine: [Apache Tomcat/10.1.12]
2023-09-07 16:26:23,070 INFO o.a.j.l.DirectJDKLog. [restartedMain] Initializing Spring embedded WebApplicationContext
2023-09-07 16:26:23,070 INFO o.s.b.w.s.c.ServletWebServerApplicationContext. [restartedMain] Root WebApplicationContext: initialization completed in 564 ms
2023-09-07 16:26:23,090 INFO c.z.h.HikariDataSource. [restartedMain] HikariPool-4 - Starting...
2023-09-07 16:26:23,130 INFO c.z.h.p.HikariPool. [restartedMain] HikariPool-4 - Added connection conn30: url=jdbc:h2:file:C:/h2db/customer user=SA
2023-09-07 16:26:23,131 INFO c.z.h.HikariDataSource. [restartedMain] HikariPool-4 - Start completed.
2023-09-07 16:26:23,132 INFO o.s.b.a.h.H2ConsoleAutoConfiguration. [restartedMain] H2 console available at '/h2-console'. Database available at 'jdbc:h2:file:C:/h2db/customer'
2023-09-07 16:26:23,205 INFO o.h.j.i.u.LogHelper. [restartedMain] HHH000204: Processing PersistenceUnitInfo [name: default]
2023-09-07 16:26:23,219 INFO o.h.b.i.BytecodeProviderInitiator. [restartedMain] HHH000021: Bytecode provider name : bytebuddy
2023-09-07 16:26:23,220 INFO o.s.o.j.p.SpringPersistenceUnitInfo. [restartedMain] No LoadTimeWeaver setup: ignoring JPA class transformer
2023-09-07 16:26:23,242 INFO o.h.b.i.BytecodeProviderInitiator. [restartedMain] HHH000021: Bytecode provider name : bytebuddy
2023-09-07 16:26:23,298 INFO o.h.e.t.j.p.i.JtaPlatformInitiator. [restartedMain] HHH000490: Using JtaPlatform implementation: [org.hibernate.engine.transaction.jta.platform.internal.NoJtaPlatform]
2023-09-07 16:26:23,307 INFO o.s.o.j.AbstractEntityManagerFactoryBean. [restartedMain] Initialized JPA EntityManagerFactory for persistence unit 'default'
2023-09-07 16:26:23,430 WARN o.s.b.a.o.j.JpaBaseConfiguration$JpaWebConfiguration. [restartedMain] spring.jpa.open-in-view is enabled by default. Therefore, database queries may be performed during view rendering. Explicitly configure spring.jpa.open-in-view to disable this warning
2023-09-07 16:26:23,569 INFO o.s.b.d.a.OptionalLiveReloadServer. [restartedMain] LiveReload server is running on port 35729
2023-09-07 16:26:23,578 INFO o.a.j.l.DirectJDKLog. [restartedMain] Starting ProtocolHandler ["http-nio-8080"]
2023-09-07 16:26:23,612 INFO o.s.b.w.e.t.TomcatWebServer. [restartedMain] Tomcat started on port(s): 8080 (http) with context path ''
2023-09-07 16:26:23,616 INFO o.s.b.StartupInfoLogger. [restartedMain] Started TellerAccountOpeningApplication in 1.167 seconds (process running for 288.345)
2023-09-07 16:26:23,619 INFO o.s.b.d.a.ConditionEvaluationDeltaLoggingListener. [restartedMain] Condition evaluation unchanged
2023-09-07 16:28:14,525 INFO o.s.b.d.a.LocalDevToolsAutoConfiguration$RestartingClassPathChangeChangedEventListener. [File Watcher] Restarting due to 1 class path change (0 additions, 0 deletions, 1 modification)
2023-09-07 16:28:14,581 INFO o.a.j.l.DirectJDKLog. [Thread-16] Pausing ProtocolHandler ["http-nio-8080"]
2023-09-07 16:28:14,581 INFO o.a.j.l.DirectJDKLog. [Thread-16] Stopping service [Tomcat]
2023-09-07 16:28:14,583 INFO o.a.j.l.DirectJDKLog. [Thread-16] Stopping ProtocolHandler ["http-nio-8080"]
2023-09-07 16:28:14,584 INFO o.a.j.l.DirectJDKLog. [Thread-16] Destroying ProtocolHandler ["http-nio-8080"]
2023-09-07 16:28:14,585 INFO o.s.o.j.AbstractEntityManagerFactoryBean. [Thread-16] Closing JPA EntityManagerFactory for persistence unit 'default'
2023-09-07 16:28:14,586 INFO c.z.h.HikariDataSource. [Thread-16] HikariPool-4 - Shutdown initiated...
2023-09-07 16:28:14,595 INFO c.z.h.HikariDataSource. [Thread-16] HikariPool-4 - Shutdown completed.
2023-09-07 16:28:14,689 INFO o.s.b.StartupInfoLogger. [restartedMain] Starting TellerAccountOpeningApplication using Java 17.0.7 with PID 30572 (C:\Users\Steven.Nyaga\OneDrive - NCBA Group PLC\Desktop\Extras\A Dev\Spring\teller-account-opening\target\classes started by Steven.Nyaga in C:\Users\Steven.Nyaga\OneDrive - NCBA Group PLC\Desktop\Extras\A Dev\Spring\teller-account-opening)
2023-09-07 16:28:14,692 DEBUG o.s.b.StartupInfoLogger. [restartedMain] Running with Spring Boot v3.1.3, Spring v6.0.11
2023-09-07 16:28:14,693 INFO o.s.b.SpringApplication. [restartedMain] No active profile set, falling back to 1 default profile: "default"
2023-09-07 16:28:15,601 INFO o.s.b.StartupInfoLogger. [restartedMain] Started TellerAccountOpeningApplication in 0.958 seconds (process running for 400.332)
